<?xml version="1.0" encoding="UTF-8"?>
<testsuite xmlns:xsi="http://www.w3.org/2001/XMLSchema-instance" xsi:noNamespaceSchemaLocation="https://maven.apache.org/surefire/maven-surefire-plugin/xsd/surefire-test-report.xsd" name="bdd.AppTest" time="0" tests="1" errors="0" skipped="0" failures="0">
  <properties>
    <property name="gopherProxySet" value="false"/>
    <property name="awt.toolkit" value="sun.lwawt.macosx.LWCToolkit"/>
    <property name="java.specification.version" value="11"/>
    <property name="sun.cpu.isalist" value=""/>
    <property name="sun.jnu.encoding" value="UTF-8"/>
    <property name="java.class.path" value="/Users/subhadipmoulick/subhadipmoulick/documents/APIAutomation/target/test-classes:/Users/subhadipmoulick/subhadipmoulick/documents/APIAutomation/target/classes:/Users/subhadipmoulick/.m2/repository/io/cucumber/cucumber-java/5.5.0/cucumber-java-5.5.0.jar:/Users/subhadipmoulick/.m2/repository/io/cucumber/cucumber-core/5.5.0/cucumber-core-5.5.0.jar:/Users/subhadipmoulick/.m2/repository/io/cucumber/cucumber-gherkin/5.5.0/cucumber-gherkin-5.5.0.jar:/Users/subhadipmoulick/.m2/repository/io/cucumber/cucumber-gherkin-vintage/5.5.0/cucumber-gherkin-vintage-5.5.0.jar:/Users/subhadipmoulick/.m2/repository/io/cucumber/tag-expressions/2.0.4/tag-expressions-2.0.4.jar:/Users/subhadipmoulick/.m2/repository/io/cucumber/cucumber-expressions/8.3.1/cucumber-expressions-8.3.1.jar:/Users/subhadipmoulick/.m2/repository/io/cucumber/datatable/3.3.0/datatable-3.3.0.jar:/Users/subhadipmoulick/.m2/repository/io/cucumber/cucumber-plugin/5.5.0/cucumber-plugin-5.5.0.jar:/Users/subhadipmoulick/.m2/repository/io/cucumber/docstring/5.5.0/docstring-5.5.0.jar:/Users/subhadipmoulick/.m2/repository/org/apiguardian/apiguardian-api/1.1.0/apiguardian-api-1.1.0.jar:/Users/subhadipmoulick/.m2/repository/io/cucumber/cucumber-junit/5.5.0/cucumber-junit-5.5.0.jar:/Users/subhadipmoulick/.m2/repository/io/rest-assured/rest-assured/4.3.0/rest-assured-4.3.0.jar:/Users/subhadipmoulick/.m2/repository/org/codehaus/groovy/groovy/3.0.2/groovy-3.0.2.jar:/Users/subhadipmoulick/.m2/repository/org/codehaus/groovy/groovy-xml/3.0.2/groovy-xml-3.0.2.jar:/Users/subhadipmoulick/.m2/repository/org/apache/httpcomponents/httpclient/4.5.3/httpclient-4.5.3.jar:/Users/subhadipmoulick/.m2/repository/org/apache/httpcomponents/httpcore/4.4.6/httpcore-4.4.6.jar:/Users/subhadipmoulick/.m2/repository/commons-logging/commons-logging/1.2/commons-logging-1.2.jar:/Users/subhadipmoulick/.m2/repository/commons-codec/commons-codec/1.9/commons-codec-1.9.jar:/Users/subhadipmoulick/.m2/repository/org/apache/httpcomponents/httpmime/4.5.3/httpmime-4.5.3.jar:/Users/subhadipmoulick/.m2/repository/org/hamcrest/hamcrest/2.1/hamcrest-2.1.jar:/Users/subhadipmoulick/.m2/repository/org/ccil/cowan/tagsoup/tagsoup/1.2.1/tagsoup-1.2.1.jar:/Users/subhadipmoulick/.m2/repository/io/rest-assured/json-path/4.3.0/json-path-4.3.0.jar:/Users/subhadipmoulick/.m2/repository/org/codehaus/groovy/groovy-json/3.0.2/groovy-json-3.0.2.jar:/Users/subhadipmoulick/.m2/repository/io/rest-assured/rest-assured-common/4.3.0/rest-assured-common-4.3.0.jar:/Users/subhadipmoulick/.m2/repository/io/rest-assured/xml-path/4.3.0/xml-path-4.3.0.jar:/Users/subhadipmoulick/.m2/repository/org/apache/commons/commons-lang3/3.4/commons-lang3-3.4.jar:/Users/subhadipmoulick/.m2/repository/jakarta/xml/bind/jakarta.xml.bind-api/2.3.2/jakarta.xml.bind-api-2.3.2.jar:/Users/subhadipmoulick/.m2/repository/jakarta/activation/jakarta.activation-api/1.2.1/jakarta.activation-api-1.2.1.jar:/Users/subhadipmoulick/.m2/repository/com/sun/xml/bind/jaxb-osgi/2.3.0.1/jaxb-osgi-2.3.0.1.jar:/Users/subhadipmoulick/.m2/repository/org/apache/sling/org.apache.sling.javax.activation/0.1.0/org.apache.sling.javax.activation-0.1.0.jar:/Users/subhadipmoulick/.m2/repository/javax/activation/activation/1.1.1/activation-1.1.1.jar:/Users/subhadipmoulick/.m2/repository/com/fasterxml/jackson/core/jackson-databind/2.11.0/jackson-databind-2.11.0.jar:/Users/subhadipmoulick/.m2/repository/com/fasterxml/jackson/core/jackson-annotations/2.11.0/jackson-annotations-2.11.0.jar:/Users/subhadipmoulick/.m2/repository/com/fasterxml/jackson/core/jackson-core/2.11.0/jackson-core-2.11.0.jar:/Users/subhadipmoulick/.m2/repository/junit/junit/4.11/junit-4.11.jar:/Users/subhadipmoulick/.m2/repository/org/hamcrest/hamcrest-core/1.3/hamcrest-core-1.3.jar:"/>
    <property name="java.vm.vendor" value="Oracle Corporation"/>
    <property name="sun.arch.data.model" value="64"/>
    <property name="java.vendor.url" value="http://java.oracle.com/"/>
    <property name="user.timezone" value=""/>
    <property name="java.vm.specification.version" value="11"/>
    <property name="os.name" value="Mac OS X"/>
    <property name="sun.java.launcher" value="SUN_STANDARD"/>
    <property name="user.country" value="US"/>
    <property name="sun.boot.library.path" value="/Library/Java/JavaVirtualMachines/jdk-11.0.6.jdk/Contents/Home/lib"/>
    <property name="sun.java.command" value="/Users/subhadipmoulick/subhadipmoulick/documents/APIAutomation/target/surefire/surefirebooter17572995450580020955.jar /Users/subhadipmoulick/subhadipmoulick/documents/APIAutomation/target/surefire 2020-07-18T18-38-47_394-jvmRun1 surefire9882497834580139341tmp surefire_09633468011742663830tmp"/>
    <property name="http.nonProxyHosts" value="local|*.local|169.254/16|*.169.254/16"/>
    <property name="jdk.debug" value="release"/>
    <property name="surefire.test.class.path" value="/Users/subhadipmoulick/subhadipmoulick/documents/APIAutomation/target/test-classes:/Users/subhadipmoulick/subhadipmoulick/documents/APIAutomation/target/classes:/Users/subhadipmoulick/.m2/repository/io/cucumber/cucumber-java/5.5.0/cucumber-java-5.5.0.jar:/Users/subhadipmoulick/.m2/repository/io/cucumber/cucumber-core/5.5.0/cucumber-core-5.5.0.jar:/Users/subhadipmoulick/.m2/repository/io/cucumber/cucumber-gherkin/5.5.0/cucumber-gherkin-5.5.0.jar:/Users/subhadipmoulick/.m2/repository/io/cucumber/cucumber-gherkin-vintage/5.5.0/cucumber-gherkin-vintage-5.5.0.jar:/Users/subhadipmoulick/.m2/repository/io/cucumber/tag-expressions/2.0.4/tag-expressions-2.0.4.jar:/Users/subhadipmoulick/.m2/repository/io/cucumber/cucumber-expressions/8.3.1/cucumber-expressions-8.3.1.jar:/Users/subhadipmoulick/.m2/repository/io/cucumber/datatable/3.3.0/datatable-3.3.0.jar:/Users/subhadipmoulick/.m2/repository/io/cucumber/cucumber-plugin/5.5.0/cucumber-plugin-5.5.0.jar:/Users/subhadipmoulick/.m2/repository/io/cucumber/docstring/5.5.0/docstring-5.5.0.jar:/Users/subhadipmoulick/.m2/repository/org/apiguardian/apiguardian-api/1.1.0/apiguardian-api-1.1.0.jar:/Users/subhadipmoulick/.m2/repository/io/cucumber/cucumber-junit/5.5.0/cucumber-junit-5.5.0.jar:/Users/subhadipmoulick/.m2/repository/io/rest-assured/rest-assured/4.3.0/rest-assured-4.3.0.jar:/Users/subhadipmoulick/.m2/repository/org/codehaus/groovy/groovy/3.0.2/groovy-3.0.2.jar:/Users/subhadipmoulick/.m2/repository/org/codehaus/groovy/groovy-xml/3.0.2/groovy-xml-3.0.2.jar:/Users/subhadipmoulick/.m2/repository/org/apache/httpcomponents/httpclient/4.5.3/httpclient-4.5.3.jar:/Users/subhadipmoulick/.m2/repository/org/apache/httpcomponents/httpcore/4.4.6/httpcore-4.4.6.jar:/Users/subhadipmoulick/.m2/repository/commons-logging/commons-logging/1.2/commons-logging-1.2.jar:/Users/subhadipmoulick/.m2/repository/commons-codec/commons-codec/1.9/commons-codec-1.9.jar:/Users/subhadipmoulick/.m2/repository/org/apache/httpcomponents/httpmime/4.5.3/httpmime-4.5.3.jar:/Users/subhadipmoulick/.m2/repository/org/hamcrest/hamcrest/2.1/hamcrest-2.1.jar:/Users/subhadipmoulick/.m2/repository/org/ccil/cowan/tagsoup/tagsoup/1.2.1/tagsoup-1.2.1.jar:/Users/subhadipmoulick/.m2/repository/io/rest-assured/json-path/4.3.0/json-path-4.3.0.jar:/Users/subhadipmoulick/.m2/repository/org/codehaus/groovy/groovy-json/3.0.2/groovy-json-3.0.2.jar:/Users/subhadipmoulick/.m2/repository/io/rest-assured/rest-assured-common/4.3.0/rest-assured-common-4.3.0.jar:/Users/subhadipmoulick/.m2/repository/io/rest-assured/xml-path/4.3.0/xml-path-4.3.0.jar:/Users/subhadipmoulick/.m2/repository/org/apache/commons/commons-lang3/3.4/commons-lang3-3.4.jar:/Users/subhadipmoulick/.m2/repository/jakarta/xml/bind/jakarta.xml.bind-api/2.3.2/jakarta.xml.bind-api-2.3.2.jar:/Users/subhadipmoulick/.m2/repository/jakarta/activation/jakarta.activation-api/1.2.1/jakarta.activation-api-1.2.1.jar:/Users/subhadipmoulick/.m2/repository/com/sun/xml/bind/jaxb-osgi/2.3.0.1/jaxb-osgi-2.3.0.1.jar:/Users/subhadipmoulick/.m2/repository/org/apache/sling/org.apache.sling.javax.activation/0.1.0/org.apache.sling.javax.activation-0.1.0.jar:/Users/subhadipmoulick/.m2/repository/javax/activation/activation/1.1.1/activation-1.1.1.jar:/Users/subhadipmoulick/.m2/repository/com/fasterxml/jackson/core/jackson-databind/2.11.0/jackson-databind-2.11.0.jar:/Users/subhadipmoulick/.m2/repository/com/fasterxml/jackson/core/jackson-annotations/2.11.0/jackson-annotations-2.11.0.jar:/Users/subhadipmoulick/.m2/repository/com/fasterxml/jackson/core/jackson-core/2.11.0/jackson-core-2.11.0.jar:/Users/subhadipmoulick/.m2/repository/junit/junit/4.11/junit-4.11.jar:/Users/subhadipmoulick/.m2/repository/org/hamcrest/hamcrest-core/1.3/hamcrest-core-1.3.jar:"/>
    <property name="sun.cpu.endian" value="little"/>
    <property name="user.home" value="/Users/subhadipmoulick"/>
    <property name="user.language" value="en"/>
    <property name="java.specification.vendor" value="Oracle Corporation"/>
    <property name="java.version.date" value="2020-01-14"/>
    <property name="java.home" value="/Library/Java/JavaVirtualMachines/jdk-11.0.6.jdk/Contents/Home"/>
    <property name="file.separator" value="/"/>
    <property name="basedir" value="/Users/subhadipmoulick/subhadipmoulick/documents/APIAutomation"/>
    <property name="java.vm.compressedOopsMode" value="Zero based"/>
    <property name="line.separator" value="&#10;"/>
    <property name="java.specification.name" value="Java Platform API Specification"/>
    <property name="java.vm.specification.vendor" value="Oracle Corporation"/>
    <property name="java.awt.graphicsenv" value="sun.awt.CGraphicsEnvironment"/>
    <property name="surefire.real.class.path" value="/Users/subhadipmoulick/subhadipmoulick/documents/APIAutomation/target/surefire/surefirebooter17572995450580020955.jar"/>
    <property name="sun.management.compiler" value="HotSpot 64-Bit Tiered Compilers"/>
    <property name="ftp.nonProxyHosts" value="local|*.local|169.254/16|*.169.254/16"/>
    <property name="java.runtime.version" value="11.0.6+8-LTS"/>
    <property name="user.name" value="subhadipmoulick"/>
    <property name="path.separator" value=":"/>
    <property name="os.version" value="10.15.6"/>
    <property name="java.runtime.name" value="Java(TM) SE Runtime Environment"/>
    <property name="file.encoding" value="UTF-8"/>
    <property name="java.vm.name" value="Java HotSpot(TM) 64-Bit Server VM"/>
    <property name="java.vendor.version" value="18.9"/>
    <property name="localRepository" value="/Users/subhadipmoulick/.m2/repository"/>
    <property name="cucumber.options" value="--tags @Regression"/>
    <property name="java.vendor.url.bug" value="http://bugreport.java.com/bugreport/"/>
    <property name="java.io.tmpdir" value="/var/folders/9_/st3cw6012cqf8q4l2yjzsbc40000gn/T/"/>
    <property name="java.version" value="11.0.6"/>
    <property name="user.dir" value="/Users/subhadipmoulick/subhadipmoulick/documents/APIAutomation"/>
    <property name="os.arch" value="x86_64"/>
    <property name="java.vm.specification.name" value="Java Virtual Machine Specification"/>
    <property name="java.awt.printerjob" value="sun.lwawt.macosx.CPrinterJob"/>
    <property name="sun.os.patch.level" value="unknown"/>
    <property name="java.library.path" value="/Users/subhadipmoulick/Library/Java/Extensions:/Library/Java/Extensions:/Network/Library/Java/Extensions:/System/Library/Java/Extensions:/usr/lib/java:."/>
    <property name="java.vendor" value="Oracle Corporation"/>
    <property name="java.vm.info" value="mixed mode"/>
    <property name="java.vm.version" value="11.0.6+8-LTS"/>
    <property name="sun.io.unicode.encoding" value="UnicodeBig"/>
    <property name="java.class.version" value="55.0"/>
    <property name="socksNonProxyHosts" value="local|*.local|169.254/16|*.169.254/16"/>
  </properties>
  <testcase name="shouldAnswerWithTrue" classname="bdd.AppTest" time="0"/>
</testsuite>